[0m20:13:50.247493 [debug] [MainThread]: Sending event: {'category': 'dbt', 'action': 'invocation', 'label': 'start', 'context': [<snowplow_tracker.self_describing_json.SelfDescribingJson object at 0x105169fd0>, <snowplow_tracker.self_describing_json.SelfDescribingJson object at 0x1063e7750>, <snowplow_tracker.self_describing_json.SelfDescribingJson object at 0x1063e79d0>]}


============================== 20:13:50.252118 | 3f689250-ee82-43fb-957b-4baf4ab706b3 ==============================
[0m20:13:50.252118 [info ] [MainThread]: Running with dbt=1.9.4
[0m20:13:50.252721 [debug] [MainThread]: running dbt with arguments {'printer_width': '80', 'indirect_selection': 'eager', 'write_json': 'True', 'log_cache_events': 'False', 'partial_parse': 'True', 'cache_selected_only': 'False', 'profiles_dir': '/Users/ayoubboudrs/.dbt', 'version_check': 'True', 'debug': 'False', 'log_path': 'logs', 'fail_fast': 'False', 'warn_error': 'None', 'use_colors': 'True', 'use_experimental_parser': 'False', 'no_print': 'None', 'quiet': 'False', 'empty': 'None', 'log_format': 'default', 'introspect': 'True', 'invocation_command': 'dbt init', 'static_parser': 'True', 'target_path': 'None', 'warn_error_options': 'WarnErrorOptions(include=[], exclude=[])', 'send_anonymous_usage_stats': 'True'}
[0m20:13:50.267749 [warn ] [MainThread]: [ConfigFolderDirectory]: Unable to parse logging event dictionary. Failed to parse dir field: expected string or bytes-like object, got 'PosixPath'.. Dictionary: {'dir': PosixPath('/Users/ayoubboudrs/.dbt')}
[0m20:13:50.268216 [info ] [MainThread]: Creating dbt configuration folder at 
[0m20:14:53.533924 [debug] [MainThread]: Starter project path: /Users/ayoubboudrs/Desktop/Snowflake_dbt_airflow_terraform/venv/lib/python3.13/site-packages/dbt/include/starter_project
[0m20:14:53.550253 [info ] [MainThread]: 
Your new dbt project "data_pipeline" was created!

For more information on how to configure the profiles.yml file,
please consult the dbt documentation here:

  https://docs.getdbt.com/docs/configure-your-profile

One more thing:

Need help? Don't hesitate to reach out to us via GitHub issues or on Slack:

  https://community.getdbt.com/

Happy modeling!

[0m20:14:53.550969 [info ] [MainThread]: Setting up your profile.
[0m20:17:40.222099 [info ] [MainThread]: Profile data_pipeline written to /Users/ayoubboudrs/.dbt/profiles.yml using target's profile_template.yml and your supplied values. Run 'dbt debug' to validate the connection.
[0m20:17:40.233497 [debug] [MainThread]: Resource report: {"command_name": "init", "command_success": true, "command_wall_clock_time": 230.05872, "process_in_blocks": "0", "process_kernel_time": 0.339782, "process_mem_max_rss": "100777984", "process_out_blocks": "0", "process_user_time": 1.359413}
[0m20:17:40.236734 [debug] [MainThread]: Command `dbt init` succeeded at 20:17:40.236482 after 230.06 seconds
[0m20:17:40.239653 [debug] [MainThread]: Sending event: {'category': 'dbt', 'action': 'invocation', 'label': 'end', 'context': [<snowplow_tracker.self_describing_json.SelfDescribingJson object at 0x107c91e00>, <snowplow_tracker.self_describing_json.SelfDescribingJson object at 0x107c9e690>, <snowplow_tracker.self_describing_json.SelfDescribingJson object at 0x107c5de10>]}
[0m20:17:40.240783 [debug] [MainThread]: Flushing usage events
[0m20:17:40.663291 [debug] [MainThread]: An error was encountered while trying to flush usage events
